[debug] [2020-05-06T00:38:45.280Z] ----------------------------------------------------------------------
[debug] [2020-05-06T00:38:45.282Z] Command:       C:\Program Files\nodejs\node.exe C:\Users\hong\AppData\Roaming\npm\node_modules\firebase-tools\lib\bin\firebase.js serve --only hosting
[debug] [2020-05-06T00:38:45.283Z] CLI Version:   8.2.0
[debug] [2020-05-06T00:38:45.283Z] Platform:      win32
[debug] [2020-05-06T00:38:45.283Z] Node Version:  v12.16.3
[debug] [2020-05-06T00:38:45.284Z] Time:          Wed May 06 2020 09:38:45 GMT+0900 (GMT+09:00)
[debug] [2020-05-06T00:38:45.284Z] ----------------------------------------------------------------------
[debug] [2020-05-06T00:38:45.284Z] 
[debug] [2020-05-06T00:38:45.292Z] > command requires scopes: ["email","openid","https://www.googleapis.com/auth/cloudplatformprojects.readonly","https://www.googleapis.com/auth/firebase","https://www.googleapis.com/auth/cloud-platform"]
[debug] [2020-05-06T00:38:45.293Z] > authorizing via signed-in user
[debug] [2020-05-06T00:38:45.293Z] [iam] checking project skhu-jhj for permissions ["firebase.projects.get"]
[debug] [2020-05-06T00:38:45.296Z] > refreshing access token with scopes: ["email","https://www.googleapis.com/auth/cloud-platform","https://www.googleapis.com/auth/cloudplatformprojects.readonly","https://www.googleapis.com/auth/firebase","openid"]
[debug] [2020-05-06T00:38:45.297Z] >>> HTTP REQUEST POST https://www.googleapis.com/oauth2/v3/token  
 <request body omitted>
[debug] [2020-05-06T00:38:45.531Z] <<< HTTP RESPONSE 200 {"content-type":"application/json; charset=utf-8","vary":"X-Origin, Referer, Origin,Accept-Encoding","date":"Wed, 06 May 2020 00:38:48 GMT","server":"scaffolding on HTTPServer2","cache-control":"private","x-xss-protection":"0","x-frame-options":"SAMEORIGIN","x-content-type-options":"nosniff","alt-svc":"h3-Q050=\":443\"; ma=2592000,h3-Q049=\":443\"; ma=2592000,h3-Q048=\":443\"; ma=2592000,h3-Q046=\":443\"; ma=2592000,h3-Q043=\":443\"; ma=2592000,quic=\":443\"; ma=2592000; v=\"46,43\"","accept-ranges":"none","transfer-encoding":"chunked"}
[debug] [2020-05-06T00:38:45.576Z] >>> HTTP REQUEST POST https://cloudresourcemanager.googleapis.com/v1/projects/skhu-jhj:testIamPermissions  
 {"permissions":["firebase.projects.get"]}
[debug] [2020-05-06T00:38:46.518Z] <<< HTTP RESPONSE 200 {"content-type":"application/json; charset=UTF-8","vary":"X-Origin, Referer, Origin,Accept-Encoding","date":"Wed, 06 May 2020 00:38:49 GMT","server":"ESF","cache-control":"private","x-xss-protection":"0","x-frame-options":"SAMEORIGIN","x-content-type-options":"nosniff","server-timing":"gfet4t7; dur=688","alt-svc":"h3-Q050=\":443\"; ma=2592000,h3-Q049=\":443\"; ma=2592000,h3-Q048=\":443\"; ma=2592000,h3-Q046=\":443\"; ma=2592000,h3-Q043=\":443\"; ma=2592000,quic=\":443\"; ma=2592000; v=\"46,43\"","accept-ranges":"none","transfer-encoding":"chunked"}
[debug] [2020-05-06T00:38:46.519Z] >>> HTTP REQUEST GET https://firebase.googleapis.com/v1beta1/projects/skhu-jhj  
 
[debug] [2020-05-06T00:38:47.031Z] <<< HTTP RESPONSE 200 {"content-type":"application/json; charset=UTF-8","vary":"X-Origin, Referer, Origin,Accept-Encoding","date":"Wed, 06 May 2020 00:38:50 GMT","server":"ESF","cache-control":"private","x-xss-protection":"0","x-frame-options":"SAMEORIGIN","x-content-type-options":"nosniff","alt-svc":"h3-Q050=\":443\"; ma=2592000,h3-Q049=\":443\"; ma=2592000,h3-Q048=\":443\"; ma=2592000,h3-Q046=\":443\"; ma=2592000,h3-Q043=\":443\"; ma=2592000,quic=\":443\"; ma=2592000; v=\"46,43\"","accept-ranges":"none","transfer-encoding":"chunked"}
[debug] [2020-05-06T00:38:47.033Z] >>> HTTP REQUEST GET https://firebase.googleapis.com/v1beta1/projects/skhu-jhj/webApps/-/config  
 
[debug] [2020-05-06T00:38:48.434Z] <<< HTTP RESPONSE 200 {"content-type":"application/json; charset=UTF-8","vary":"X-Origin, Referer, Origin,Accept-Encoding","date":"Wed, 06 May 2020 00:38:51 GMT","server":"ESF","cache-control":"private","x-xss-protection":"0","x-frame-options":"SAMEORIGIN","x-content-type-options":"nosniff","alt-svc":"h3-Q050=\":443\"; ma=2592000,h3-Q049=\":443\"; ma=2592000,h3-Q048=\":443\"; ma=2592000,h3-Q046=\":443\"; ma=2592000,h3-Q043=\":443\"; ma=2592000,quic=\":443\"; ma=2592000; v=\"46,43\"","accept-ranges":"none","transfer-encoding":"chunked"}
[info] i  hosting: Serving hosting files from: public
[info] +  hosting: Local server: http://localhost:5000
